version: (200506)

available memory: 64M bytes
used memory: 147456 bytes [need 144K bytes if disable swap]

used block: 4 [memory(4) file(0)]
                 [ 8K(2) 64K(2) { total 144K bytes } ]
overhead: (9514) bytes for (4) blocks [Average: (2378) bytes/block]

write  => 0(times) 0K(bytes) [0K bytes to file]
read   => 2(times) 7K(bytes) [1K bytes compressed data from file]
access => 318050(times) 2489M(bytes)
          [hit ratio: 99.9994%]

time: write(0) read(0)  unit: second

swap file directory: (/home/student/Music/RTL2GDSII/Workshop/RTL_SIMULATION/verdiLog)
used swap file number: (3)



swap file manager:
arrSize: (256)
idxCnt: (4)
closeHead: (1)
closeTail: (3)
openCnt: (3)
fid(3): fd(1073741825) fileName(/home/student/Music/RTL2GDSII/Workshop/RTL_SIMULATION/simv.daidir/kdb.elab++/work.lib++/project_rtl.v.tdc)
	size(1424) lastModTime(1775379281) curModTime(1775379281)
	mode(rb)	hot(0) cool(2) pos(0)
fid(2): fd(24) fileName(/home/student/Music/RTL2GDSII/Workshop/RTL_SIMULATION/verdiLog/_swap_0001#1880993786#209338)
	size(0) lastModTime(0) curModTime(1775379291)
	mode(w+b)	hot(3) cool(1) pos(0)
fid(1): fd(1073741824) fileName(/home/student/Music/RTL2GDSII/Workshop/RTL_SIMULATION/simv.daidir/kdb.elab++/work.lib++/project_tb.v.tdc)
	size(1973) lastModTime(1775379281) curModTime(1775379281)
	mode(rb)	hot(2) cool(0) pos(0)
fid(0): fd(0) fileName(NULL)
	mode(NULL)	hot(0) cool(0) pos(0)
==================================================
mySelf(0x1f7c1780) pre(0x207851b0) next((nil))
version(200506)
date(Sep  2 2024 20:32:07)
