[icc2-lic Sun Apr  5 15:47:33 2026] Command 'report_timing' requires licenses
[icc2-lic Sun Apr  5 15:47:33 2026] Attempting to check-out alternate set of keys directly with queueing
[icc2-lic Sun Apr  5 15:47:33 2026] Sending count request for 'ICCompilerII-8' 
[icc2-lic Sun Apr  5 15:47:33 2026] Count request for 'ICCompilerII-8' returned 1 
[icc2-lic Sun Apr  5 15:47:33 2026] Sending check-out request for 'ICCompilerII-8' (1) with wait option
[icc2-lic Sun Apr  5 15:47:34 2026] Check-out request for 'ICCompilerII-8' with wait option succeeded
[icc2-lic Sun Apr  5 15:47:34 2026] Sending checkout check request for 'ICCompilerII-8' 
[icc2-lic Sun Apr  5 15:47:34 2026] Checkout check request for 'ICCompilerII-8' returned 0 
[icc2-lic Sun Apr  5 15:47:34 2026] Sending count request for 'ICCompilerII-8' 
[icc2-lic Sun Apr  5 15:47:34 2026] Count request for 'ICCompilerII-8' returned 1 
[icc2-lic Sun Apr  5 15:47:34 2026] Sending count request for 'ICCompilerII-NX' 
[icc2-lic Sun Apr  5 15:47:34 2026] Count request for 'ICCompilerII-NX' returned 1 
[icc2-lic Sun Apr  5 15:47:34 2026] Sending check-out request for 'ICCompilerII-NX' (1) with wait option
[icc2-lic Sun Apr  5 15:47:34 2026] Check-out request for 'ICCompilerII-NX' with wait option succeeded
[icc2-lic Sun Apr  5 15:47:34 2026] Sending checkout check request for 'ICCompilerII-NX' 
[icc2-lic Sun Apr  5 15:47:34 2026] Checkout check request for 'ICCompilerII-NX' returned 0 
[icc2-lic Sun Apr  5 15:47:34 2026] Sending count request for 'ICCompilerII-NX' 
[icc2-lic Sun Apr  5 15:47:34 2026] Count request for 'ICCompilerII-NX' returned 1 
[icc2-lic Sun Apr  5 15:47:34 2026] Check-out of alternate set of keys directly with queueing was successful
****************************************
Report : timing
        -path_type full
        -delay_type max
        -max_paths 20
        -report_by design
        -input_pins
Design : project
Version: W-2024.09
Date   : Sun Apr  5 15:47:34 2026
****************************************

  Startpoint: rst (input port clocked by clk)
  Endpoint: y_reg[4] (rising edge-triggered flip-flop clocked by clk)
  Mode: func
  Corner: nom
  Scenario: func::nom
  Path Group: **in2reg_default**
  Path Type: max

  Point                                            Incr      Path  
  ------------------------------------------------------------------------
  clock clk (rise edge)                            0.00      0.00
  clock network delay (propagated)                 0.00      0.00
  input external delay                             2.00      2.00 r
  rst (in)                                         0.00      2.00 r
  U18/A (INVX0_RVT)                                0.00      2.00 r
  U18/Y (INVX0_RVT)                                0.03      2.03 f
  U40/A4 (AND4X1_RVT)                              0.00      2.03 f
  U40/Y (AND4X1_RVT)                               0.06      2.09 f
  ropt_h_inst_639/A (DELLN2X2_RVT)                 0.00      2.09 f
  ropt_h_inst_639/Y (DELLN2X2_RVT)                 0.16      2.25 f
  y_reg[4]/SETB (DFFSSRX1_RVT)                     0.00      2.25 f
  data arrival time                                          2.25

  clock clk (rise edge)                           10.00     10.00
  clock network delay (propagated)                 0.00     10.00
  y_reg[4]/CLK (DFFSSRX1_RVT)                      0.00     10.00 r
  clock uncertainty                               -0.20      9.80
  library setup time                              -0.16      9.64
  data required time                                         9.64
  ------------------------------------------------------------------------
  data required time                                         9.64
  data arrival time                                         -2.25
  ------------------------------------------------------------------------
  slack (MET)                                                7.40



  Startpoint: rst (input port clocked by clk)
  Endpoint: x_reg_reg[2] (rising edge-triggered flip-flop clocked by clk)
  Mode: func
  Corner: nom
  Scenario: func::nom
  Path Group: **in2reg_default**
  Path Type: max

  Point                                            Incr      Path  
  ------------------------------------------------------------------------
  clock clk (rise edge)                            0.00      0.00
  clock network delay (propagated)                 0.00      0.00
  input external delay                             2.00      2.00 f
  rst (in)                                         0.00      2.00 f
  x_reg_reg[2]/SETB (DFFSSRX1_RVT)                 0.00      2.00 f
  data arrival time                                          2.00

  clock clk (rise edge)                           10.00     10.00
  clock network delay (propagated)                 0.00     10.00
  x_reg_reg[2]/CLK (DFFSSRX1_RVT)                  0.00     10.00 r
  clock uncertainty                               -0.20      9.80
  library setup time                              -0.25      9.55
  data required time                                         9.55
  ------------------------------------------------------------------------
  data required time                                         9.55
  data arrival time                                         -2.00
  ------------------------------------------------------------------------
  slack (MET)                                                7.55



  Startpoint: rst (input port clocked by clk)
  Endpoint: x_reg_reg[0] (rising edge-triggered flip-flop clocked by clk)
  Mode: func
  Corner: nom
  Scenario: func::nom
  Path Group: **in2reg_default**
  Path Type: max

  Point                                            Incr      Path  
  ------------------------------------------------------------------------
  clock clk (rise edge)                            0.00      0.00
  clock network delay (propagated)                 0.00      0.00
  input external delay                             2.00      2.00 f
  rst (in)                                         0.00      2.00 f
  x_reg_reg[0]/SETB (DFFSSRX1_RVT)                 0.00      2.00 f
  data arrival time                                          2.00

  clock clk (rise edge)                           10.00     10.00
  clock network delay (propagated)                 0.00     10.00
  x_reg_reg[0]/CLK (DFFSSRX1_RVT)                  0.00     10.00 r
  clock uncertainty                               -0.20      9.80
  library setup time                              -0.25      9.55
  data required time                                         9.55
  ------------------------------------------------------------------------
  data required time                                         9.55
  data arrival time                                         -2.00
  ------------------------------------------------------------------------
  slack (MET)                                                7.55



  Startpoint: rst (input port clocked by clk)
  Endpoint: x_reg_reg[1] (rising edge-triggered flip-flop clocked by clk)
  Mode: func
  Corner: nom
  Scenario: func::nom
  Path Group: **in2reg_default**
  Path Type: max

  Point                                            Incr      Path  
  ------------------------------------------------------------------------
  clock clk (rise edge)                            0.00      0.00
  clock network delay (propagated)                 0.00      0.00
  input external delay                             2.00      2.00 f
  rst (in)                                         0.00      2.00 f
  x_reg_reg[1]/SETB (DFFSSRX1_RVT)                 0.00      2.00 f
  data arrival time                                          2.00

  clock clk (rise edge)                           10.00     10.00
  clock network delay (propagated)                 0.00     10.00
  x_reg_reg[1]/CLK (DFFSSRX1_RVT)                  0.00     10.00 r
  clock uncertainty                               -0.20      9.80
  library setup time                              -0.25      9.55
  data required time                                         9.55
  ------------------------------------------------------------------------
  data required time                                         9.55
  data arrival time                                         -2.00
  ------------------------------------------------------------------------
  slack (MET)                                                7.55



  Startpoint: rst (input port clocked by clk)
  Endpoint: y_reg[1] (rising edge-triggered flip-flop clocked by clk)
  Mode: func
  Corner: nom
  Scenario: func::nom
  Path Group: **in2reg_default**
  Path Type: max

  Point                                            Incr      Path  
  ------------------------------------------------------------------------
  clock clk (rise edge)                            0.00      0.00
  clock network delay (propagated)                 0.00      0.00
  input external delay                             2.00      2.00 r
  rst (in)                                         0.00      2.00 r
  U28/A1 (NOR2X0_RVT)                              0.00      2.00 r
  U28/Y (NOR2X0_RVT)                               0.05      2.05 f
  U20/A2 (NAND3X0_RVT)                             0.00      2.05 f
  U20/Y (NAND3X0_RVT)                              0.02      2.07 r
  ropt_h_inst_642/A (DELLN1X2_RVT)                 0.00      2.07 r
  ropt_h_inst_642/Y (DELLN1X2_RVT)                 0.11      2.18 r
  y_reg[1]/RSTB (DFFSSRX1_RVT)                     0.00      2.18 r
  data arrival time                                          2.18

  clock clk (rise edge)                           10.00     10.00
  clock network delay (propagated)                 0.00     10.00
  y_reg[1]/CLK (DFFSSRX1_RVT)                      0.00     10.00 r
  clock uncertainty                               -0.20      9.80
  library setup time                              -0.06      9.74
  data required time                                         9.74
  ------------------------------------------------------------------------
  data required time                                         9.74
  data arrival time                                         -2.18
  ------------------------------------------------------------------------
  slack (MET)                                                7.56



  Startpoint: rst (input port clocked by clk)
  Endpoint: y_reg[2] (rising edge-triggered flip-flop clocked by clk)
  Mode: func
  Corner: nom
  Scenario: func::nom
  Path Group: **in2reg_default**
  Path Type: max

  Point                                            Incr      Path  
  ------------------------------------------------------------------------
  clock clk (rise edge)                            0.00      0.00
  clock network delay (propagated)                 0.00      0.00
  input external delay                             2.00      2.00 r
  rst (in)                                         0.00      2.00 r
  U28/A1 (NOR2X0_RVT)                              0.00      2.00 r
  U28/Y (NOR2X0_RVT)                               0.05      2.05 f
  U24/A2 (NAND3X0_RVT)                             0.00      2.05 f
  U24/Y (NAND3X0_RVT)                              0.02      2.07 r
  ropt_h_inst_644/A (DELLN1X2_RVT)                 0.00      2.07 r
  ropt_h_inst_644/Y (DELLN1X2_RVT)                 0.11      2.18 r
  y_reg[2]/RSTB (DFFSSRX1_RVT)                     0.00      2.18 r
  data arrival time                                          2.18

  clock clk (rise edge)                           10.00     10.00
  clock network delay (propagated)                 0.00     10.00
  y_reg[2]/CLK (DFFSSRX1_RVT)                      0.00     10.00 r
  clock uncertainty                               -0.20      9.80
  library setup time                              -0.06      9.74
  data required time                                         9.74
  ------------------------------------------------------------------------
  data required time                                         9.74
  data arrival time                                         -2.18
  ------------------------------------------------------------------------
  slack (MET)                                                7.56



  Startpoint: rst (input port clocked by clk)
  Endpoint: y_reg[6] (rising edge-triggered flip-flop clocked by clk)
  Mode: func
  Corner: nom
  Scenario: func::nom
  Path Group: **in2reg_default**
  Path Type: max

  Point                                            Incr      Path  
  ------------------------------------------------------------------------
  clock clk (rise edge)                            0.00      0.00
  clock network delay (propagated)                 0.00      0.00
  input external delay                             2.00      2.00 r
  rst (in)                                         0.00      2.00 r
  U18/A (INVX0_RVT)                                0.00      2.00 r
  U18/Y (INVX0_RVT)                                0.03      2.03 f
  U21/A4 (NAND4X0_RVT)                             0.00      2.03 f
  U21/Y (NAND4X0_RVT)                              0.04      2.06 r
  ropt_h_inst_643/A (DELLN1X2_RVT)                 0.00      2.06 r
  ropt_h_inst_643/Y (DELLN1X2_RVT)                 0.11      2.17 r
  y_reg[6]/RSTB (DFFSSRX1_RVT)                     0.00      2.17 r
  data arrival time                                          2.17

  clock clk (rise edge)                           10.00     10.00
  clock network delay (propagated)                 0.00     10.00
  y_reg[6]/CLK (DFFSSRX1_RVT)                      0.00     10.00 r
  clock uncertainty                               -0.20      9.80
  library setup time                              -0.06      9.74
  data required time                                         9.74
  ------------------------------------------------------------------------
  data required time                                         9.74
  data arrival time                                         -2.17
  ------------------------------------------------------------------------
  slack (MET)                                                7.57



  Startpoint: rst (input port clocked by clk)
  Endpoint: y_reg[5] (rising edge-triggered flip-flop clocked by clk)
  Mode: func
  Corner: nom
  Scenario: func::nom
  Path Group: **in2reg_default**
  Path Type: max

  Point                                            Incr      Path  
  ------------------------------------------------------------------------
  clock clk (rise edge)                            0.00      0.00
  clock network delay (propagated)                 0.00      0.00
  input external delay                             2.00      2.00 r
  rst (in)                                         0.00      2.00 r
  U18/A (INVX0_RVT)                                0.00      2.00 r
  U18/Y (INVX0_RVT)                                0.03      2.03 f
  U19/A3 (NAND4X0_RVT)                             0.00      2.03 f
  U19/Y (NAND4X0_RVT)                              0.03      2.06 r
  ropt_h_inst_645/A (DELLN1X2_RVT)                 0.00      2.06 r
  ropt_h_inst_645/Y (DELLN1X2_RVT)                 0.11      2.17 r
  y_reg[5]/RSTB (DFFSSRX1_RVT)                     0.00      2.17 r
  data arrival time                                          2.17

  clock clk (rise edge)                           10.00     10.00
  clock network delay (propagated)                 0.00     10.00
  y_reg[5]/CLK (DFFSSRX1_RVT)                      0.00     10.00 r
  clock uncertainty                               -0.20      9.80
  library setup time                              -0.06      9.74
  data required time                                         9.74
  ------------------------------------------------------------------------
  data required time                                         9.74
  data arrival time                                         -2.17
  ------------------------------------------------------------------------
  slack (MET)                                                7.57



  Startpoint: rst (input port clocked by clk)
  Endpoint: y_reg[7] (rising edge-triggered flip-flop clocked by clk)
  Mode: func
  Corner: nom
  Scenario: func::nom
  Path Group: **in2reg_default**
  Path Type: max

  Point                                            Incr      Path  
  ------------------------------------------------------------------------
  clock clk (rise edge)                            0.00      0.00
  clock network delay (propagated)                 0.00      0.00
  input external delay                             2.00      2.00 r
  rst (in)                                         0.00      2.00 r
  U18/A (INVX0_RVT)                                0.00      2.00 r
  U18/Y (INVX0_RVT)                                0.03      2.03 f
  U22/A4 (NAND4X0_RVT)                             0.00      2.03 f
  U22/Y (NAND4X0_RVT)                              0.03      2.06 r
  ropt_h_inst_646/A (NBUFFX2_RVT)                  0.00      2.06 r
  ropt_h_inst_646/Y (NBUFFX2_RVT)                  0.03      2.09 r
  ropt_h_inst_647/A (NBUFFX2_RVT)                  0.00      2.09 r
  ropt_h_inst_647/Y (NBUFFX2_RVT)                  0.03      2.12 r
  y_reg[7]/RSTB (DFFSSRX1_RVT)                     0.00      2.12 r
  data arrival time                                          2.12

  clock clk (rise edge)                           10.00     10.00
  clock network delay (propagated)                 0.00     10.00
  y_reg[7]/CLK (DFFSSRX1_RVT)                      0.00     10.00 r
  clock uncertainty                               -0.20      9.80
  library setup time                              -0.06      9.74
  data required time                                         9.74
  ------------------------------------------------------------------------
  data required time                                         9.74
  data arrival time                                         -2.12
  ------------------------------------------------------------------------
  slack (MET)                                                7.62



  Startpoint: rst (input port clocked by clk)
  Endpoint: y_reg[3] (rising edge-triggered flip-flop clocked by clk)
  Mode: func
  Corner: nom
  Scenario: func::nom
  Path Group: **in2reg_default**
  Path Type: max

  Point                                            Incr      Path  
  ------------------------------------------------------------------------
  clock clk (rise edge)                            0.00      0.00
  clock network delay (propagated)                 0.00      0.00
  input external delay                             2.00      2.00 r
  rst (in)                                         0.00      2.00 r
  U28/A1 (NOR2X0_RVT)                              0.00      2.00 r
  U28/Y (NOR2X0_RVT)                               0.05      2.05 f
  U23/A3 (NAND3X0_RVT)                             0.00      2.05 f
  U23/Y (NAND3X0_RVT)                              0.03      2.08 r
  y_reg[3]/RSTB (DFFSSRX1_RVT)                     0.00      2.08 r
  data arrival time                                          2.08

  clock clk (rise edge)                           10.00     10.00
  clock network delay (propagated)                 0.00     10.00
  y_reg[3]/CLK (DFFSSRX1_RVT)                      0.00     10.00 r
  clock uncertainty                               -0.20      9.80
  library setup time                              -0.07      9.73
  data required time                                         9.73
  ------------------------------------------------------------------------
  data required time                                         9.73
  data arrival time                                         -2.08
  ------------------------------------------------------------------------
  slack (MET)                                                7.65



  Startpoint: rst (input port clocked by clk)
  Endpoint: y_reg[0] (rising edge-triggered flip-flop clocked by clk)
  Mode: func
  Corner: nom
  Scenario: func::nom
  Path Group: **in2reg_default**
  Path Type: max

  Point                                            Incr      Path  
  ------------------------------------------------------------------------
  clock clk (rise edge)                            0.00      0.00
  clock network delay (propagated)                 0.00      0.00
  input external delay                             2.00      2.00 r
  rst (in)                                         0.00      2.00 r
  ctmTdsLR_1_280/A3 (OR4X1_RVT)                    0.00      2.00 r
  ctmTdsLR_1_280/Y (OR4X1_RVT)                     0.06      2.06 r
  y_reg[0]/RSTB (DFFSSRX1_RVT)                     0.00      2.06 r
  data arrival time                                          2.06

  clock clk (rise edge)                           10.00     10.00
  clock network delay (propagated)                 0.00     10.00
  y_reg[0]/CLK (DFFSSRX1_RVT)                      0.00     10.00 r
  clock uncertainty                               -0.20      9.80
  library setup time                              -0.06      9.74
  data required time                                         9.74
  ------------------------------------------------------------------------
  data required time                                         9.74
  data arrival time                                         -2.06
  ------------------------------------------------------------------------
  slack (MET)                                                7.68



  Startpoint: y_reg[7] (rising edge-triggered flip-flop clocked by clk)
  Endpoint: y[7] (output port clocked by clk)
  Mode: func
  Corner: nom
  Scenario: func::nom
  Path Group: **reg2out_default**
  Path Type: max

  Point                                            Incr      Path  
  ------------------------------------------------------------------------
  clock clk (rise edge)                            0.00      0.00
  clock network delay (propagated)                 0.00      0.00

  y_reg[7]/CLK (DFFSSRX1_RVT)                      0.00      0.00 r
  y_reg[7]/QN (DFFSSRX1_RVT)                       0.06      0.06 r
  y[7] (out)                                       0.00      0.06 r
  data arrival time                                          0.06

  clock clk (rise edge)                           10.00     10.00
  clock network delay (propagated)                 0.00     10.00
  clock uncertainty                               -0.20      9.80
  output external delay                           -2.00      7.80
  data required time                                         7.80
  ------------------------------------------------------------------------
  data required time                                         7.80
  data arrival time                                         -0.06
  ------------------------------------------------------------------------
  slack (MET)                                                7.74



  Startpoint: y_reg[1] (rising edge-triggered flip-flop clocked by clk)
  Endpoint: y[1] (output port clocked by clk)
  Mode: func
  Corner: nom
  Scenario: func::nom
  Path Group: **reg2out_default**
  Path Type: max

  Point                                            Incr      Path  
  ------------------------------------------------------------------------
  clock clk (rise edge)                            0.00      0.00
  clock network delay (propagated)                 0.00      0.00

  y_reg[1]/CLK (DFFSSRX1_RVT)                      0.00      0.00 r
  y_reg[1]/QN (DFFSSRX1_RVT)                       0.06      0.06 r
  y[1] (out)                                       0.00      0.06 r
  data arrival time                                          0.06

  clock clk (rise edge)                           10.00     10.00
  clock network delay (propagated)                 0.00     10.00
  clock uncertainty                               -0.20      9.80
  output external delay                           -2.00      7.80
  data required time                                         7.80
  ------------------------------------------------------------------------
  data required time                                         7.80
  data arrival time                                         -0.06
  ------------------------------------------------------------------------
  slack (MET)                                                7.74



  Startpoint: y_reg[3] (rising edge-triggered flip-flop clocked by clk)
  Endpoint: y[3] (output port clocked by clk)
  Mode: func
  Corner: nom
  Scenario: func::nom
  Path Group: **reg2out_default**
  Path Type: max

  Point                                            Incr      Path  
  ------------------------------------------------------------------------
  clock clk (rise edge)                            0.00      0.00
  clock network delay (propagated)                 0.00      0.00

  y_reg[3]/CLK (DFFSSRX1_RVT)                      0.00      0.00 r
  y_reg[3]/QN (DFFSSRX1_RVT)                       0.06      0.06 r
  y[3] (out)                                       0.00      0.06 r
  data arrival time                                          0.06

  clock clk (rise edge)                           10.00     10.00
  clock network delay (propagated)                 0.00     10.00
  clock uncertainty                               -0.20      9.80
  output external delay                           -2.00      7.80
  data required time                                         7.80
  ------------------------------------------------------------------------
  data required time                                         7.80
  data arrival time                                         -0.06
  ------------------------------------------------------------------------
  slack (MET)                                                7.74



  Startpoint: y_reg[4] (rising edge-triggered flip-flop clocked by clk)
  Endpoint: y[4] (output port clocked by clk)
  Mode: func
  Corner: nom
  Scenario: func::nom
  Path Group: **reg2out_default**
  Path Type: max

  Point                                            Incr      Path  
  ------------------------------------------------------------------------
  clock clk (rise edge)                            0.00      0.00
  clock network delay (propagated)                 0.00      0.00

  y_reg[4]/CLK (DFFSSRX1_RVT)                      0.00      0.00 r
  y_reg[4]/QN (DFFSSRX1_RVT)                       0.06      0.06 r
  y[4] (out)                                       0.00      0.06 r
  data arrival time                                          0.06

  clock clk (rise edge)                           10.00     10.00
  clock network delay (propagated)                 0.00     10.00
  clock uncertainty                               -0.20      9.80
  output external delay                           -2.00      7.80
  data required time                                         7.80
  ------------------------------------------------------------------------
  data required time                                         7.80
  data arrival time                                         -0.06
  ------------------------------------------------------------------------
  slack (MET)                                                7.74



  Startpoint: y_reg[2] (rising edge-triggered flip-flop clocked by clk)
  Endpoint: y[2] (output port clocked by clk)
  Mode: func
  Corner: nom
  Scenario: func::nom
  Path Group: **reg2out_default**
  Path Type: max

  Point                                            Incr      Path  
  ------------------------------------------------------------------------
  clock clk (rise edge)                            0.00      0.00
  clock network delay (propagated)                 0.00      0.00

  y_reg[2]/CLK (DFFSSRX1_RVT)                      0.00      0.00 r
  y_reg[2]/QN (DFFSSRX1_RVT)                       0.06      0.06 r
  y[2] (out)                                       0.00      0.06 r
  data arrival time                                          0.06

  clock clk (rise edge)                           10.00     10.00
  clock network delay (propagated)                 0.00     10.00
  clock uncertainty                               -0.20      9.80
  output external delay                           -2.00      7.80
  data required time                                         7.80
  ------------------------------------------------------------------------
  data required time                                         7.80
  data arrival time                                         -0.06
  ------------------------------------------------------------------------
  slack (MET)                                                7.74



  Startpoint: y_reg[6] (rising edge-triggered flip-flop clocked by clk)
  Endpoint: y[6] (output port clocked by clk)
  Mode: func
  Corner: nom
  Scenario: func::nom
  Path Group: **reg2out_default**
  Path Type: max

  Point                                            Incr      Path  
  ------------------------------------------------------------------------
  clock clk (rise edge)                            0.00      0.00
  clock network delay (propagated)                 0.00      0.00

  y_reg[6]/CLK (DFFSSRX1_RVT)                      0.00      0.00 r
  y_reg[6]/QN (DFFSSRX1_RVT)                       0.06      0.06 r
  y[6] (out)                                       0.00      0.06 r
  data arrival time                                          0.06

  clock clk (rise edge)                           10.00     10.00
  clock network delay (propagated)                 0.00     10.00
  clock uncertainty                               -0.20      9.80
  output external delay                           -2.00      7.80
  data required time                                         7.80
  ------------------------------------------------------------------------
  data required time                                         7.80
  data arrival time                                         -0.06
  ------------------------------------------------------------------------
  slack (MET)                                                7.74



  Startpoint: y_reg[0] (rising edge-triggered flip-flop clocked by clk)
  Endpoint: y[0] (output port clocked by clk)
  Mode: func
  Corner: nom
  Scenario: func::nom
  Path Group: **reg2out_default**
  Path Type: max

  Point                                            Incr      Path  
  ------------------------------------------------------------------------
  clock clk (rise edge)                            0.00      0.00
  clock network delay (propagated)                 0.00      0.00

  y_reg[0]/CLK (DFFSSRX1_RVT)                      0.00      0.00 r
  y_reg[0]/QN (DFFSSRX1_RVT)                       0.06      0.06 r
  y[0] (out)                                       0.00      0.06 r
  data arrival time                                          0.06

  clock clk (rise edge)                           10.00     10.00
  clock network delay (propagated)                 0.00     10.00
  clock uncertainty                               -0.20      9.80
  output external delay                           -2.00      7.80
  data required time                                         7.80
  ------------------------------------------------------------------------
  data required time                                         7.80
  data arrival time                                         -0.06
  ------------------------------------------------------------------------
  slack (MET)                                                7.74



  Startpoint: y_reg[5] (rising edge-triggered flip-flop clocked by clk)
  Endpoint: y[5] (output port clocked by clk)
  Mode: func
  Corner: nom
  Scenario: func::nom
  Path Group: **reg2out_default**
  Path Type: max

  Point                                            Incr      Path  
  ------------------------------------------------------------------------
  clock clk (rise edge)                            0.00      0.00
  clock network delay (propagated)                 0.00      0.00

  y_reg[5]/CLK (DFFSSRX1_RVT)                      0.00      0.00 r
  y_reg[5]/QN (DFFSSRX1_RVT)                       0.06      0.06 r
  y[5] (out)                                       0.00      0.06 r
  data arrival time                                          0.06

  clock clk (rise edge)                           10.00     10.00
  clock network delay (propagated)                 0.00     10.00
  clock uncertainty                               -0.20      9.80
  output external delay                           -2.00      7.80
  data required time                                         7.80
  ------------------------------------------------------------------------
  data required time                                         7.80
  data arrival time                                         -0.06
  ------------------------------------------------------------------------
  slack (MET)                                                7.74



  Startpoint: x[0] (input port clocked by clk)
  Endpoint: x_reg_reg[0] (rising edge-triggered flip-flop clocked by clk)
  Mode: func
  Corner: nom
  Scenario: func::nom
  Path Group: **in2reg_default**
  Path Type: max

  Point                                            Incr      Path  
  ------------------------------------------------------------------------
  clock clk (rise edge)                            0.00      0.00
  clock network delay (propagated)                 0.00      0.00
  input external delay                             2.00      2.00 r
  x[0] (in)                                        0.00      2.00 r
  x_reg_reg[0]/RSTB (DFFSSRX1_RVT)                 0.00      2.00 r
  data arrival time                                          2.00

  clock clk (rise edge)                           10.00     10.00
  clock network delay (propagated)                 0.00     10.00
  x_reg_reg[0]/CLK (DFFSSRX1_RVT)                  0.00     10.00 r
  clock uncertainty                               -0.20      9.80
  library setup time                              -0.05      9.75
  data required time                                         9.75
  ------------------------------------------------------------------------
  data required time                                         9.75
  data arrival time                                         -2.00
  ------------------------------------------------------------------------
  slack (MET)                                                7.75


1
