[icc2-lic Wed Apr  1 06:04:12 2026] Command 'report_timing' requires licenses
[icc2-lic Wed Apr  1 06:04:12 2026] Attempting to check-out alternate set of keys directly with queueing
[icc2-lic Wed Apr  1 06:04:12 2026] Sending count request for 'ICCompilerII-8' 
[icc2-lic Wed Apr  1 06:04:12 2026] Count request for 'ICCompilerII-8' returned 1 
[icc2-lic Wed Apr  1 06:04:12 2026] Sending check-out request for 'ICCompilerII-8' (1) with wait option
[icc2-lic Wed Apr  1 06:04:12 2026] Check-out request for 'ICCompilerII-8' with wait option succeeded
[icc2-lic Wed Apr  1 06:04:12 2026] Sending checkout check request for 'ICCompilerII-8' 
[icc2-lic Wed Apr  1 06:04:12 2026] Checkout check request for 'ICCompilerII-8' returned 0 
[icc2-lic Wed Apr  1 06:04:12 2026] Sending count request for 'ICCompilerII-8' 
[icc2-lic Wed Apr  1 06:04:12 2026] Count request for 'ICCompilerII-8' returned 1 
[icc2-lic Wed Apr  1 06:04:12 2026] Sending count request for 'ICCompilerII-NX' 
[icc2-lic Wed Apr  1 06:04:12 2026] Count request for 'ICCompilerII-NX' returned 1 
[icc2-lic Wed Apr  1 06:04:12 2026] Sending check-out request for 'ICCompilerII-NX' (1) with wait option
[icc2-lic Wed Apr  1 06:04:12 2026] Check-out request for 'ICCompilerII-NX' with wait option succeeded
[icc2-lic Wed Apr  1 06:04:12 2026] Sending checkout check request for 'ICCompilerII-NX' 
[icc2-lic Wed Apr  1 06:04:12 2026] Checkout check request for 'ICCompilerII-NX' returned 0 
[icc2-lic Wed Apr  1 06:04:12 2026] Sending count request for 'ICCompilerII-NX' 
[icc2-lic Wed Apr  1 06:04:12 2026] Count request for 'ICCompilerII-NX' returned 1 
[icc2-lic Wed Apr  1 06:04:12 2026] Check-out of alternate set of keys directly with queueing was successful
****************************************
Report : timing
        -path_type full
        -delay_type min
        -max_paths 10
        -report_by design
Design : full_adder
Version: W-2024.09
Date   : Wed Apr  1 06:04:12 2026
****************************************

  Startpoint: reg2_reg[3] (rising edge-triggered flip-flop clocked by Clock)
  Endpoint: SUM_reg[3] (rising edge-triggered flip-flop clocked by Clock)
  Mode: func
  Corner: nom
  Scenario: func::nom
  Path Group: Clock
  Path Type: min

  Point                                            Incr      Path  
  ------------------------------------------------------------------------
  clock Clock (rise edge)                          0.00      0.00
  clock network delay (propagated)                 0.00      0.00

  reg2_reg[3]/CLK (DFFX1_RVT)                      0.00      0.00 r
  reg2_reg[3]/Q (DFFX1_RVT)                        0.07      0.07 r
  intadd_0/U2/S (FADDX1_RVT)                       0.04      0.11 r
  copt_h_inst_695/Y (DELLN1X2_RVT)                 0.10      0.22 r
  SUM_reg[3]/D (DFFX1_RVT)                         0.00      0.22 r
  data arrival time                                          0.22

  clock Clock (rise edge)                          0.00      0.00
  clock network delay (propagated)                 0.00      0.00
  SUM_reg[3]/CLK (DFFX1_RVT)                       0.00      0.00 r
  clock uncertainty                                0.20      0.20
  library hold time                               -0.01      0.19
  data required time                                         0.19
  ------------------------------------------------------------------------
  data required time                                         0.19
  data arrival time                                         -0.22
  ------------------------------------------------------------------------
  slack (MET)                                                0.02



  Startpoint: reg2_reg[1] (rising edge-triggered flip-flop clocked by Clock)
  Endpoint: SUM_reg[1] (rising edge-triggered flip-flop clocked by Clock)
  Mode: func
  Corner: nom
  Scenario: func::nom
  Path Group: Clock
  Path Type: min

  Point                                            Incr      Path  
  ------------------------------------------------------------------------
  clock Clock (rise edge)                          0.00      0.00
  clock network delay (propagated)                 0.00      0.00

  reg2_reg[1]/CLK (DFFX1_RVT)                      0.00      0.00 r
  reg2_reg[1]/Q (DFFX1_RVT)                        0.07      0.07 r
  intadd_0/U4/S (FADDX1_RVT)                       0.04      0.11 r
  copt_h_inst_693/Y (DELLN1X2_RVT)                 0.10      0.22 r
  SUM_reg[1]/D (DFFX1_RVT)                         0.00      0.22 r
  data arrival time                                          0.22

  clock Clock (rise edge)                          0.00      0.00
  clock network delay (propagated)                 0.00      0.00
  SUM_reg[1]/CLK (DFFX1_RVT)                       0.00      0.00 r
  clock uncertainty                                0.20      0.20
  library hold time                               -0.01      0.19
  data required time                                         0.19
  ------------------------------------------------------------------------
  data required time                                         0.19
  data arrival time                                         -0.22
  ------------------------------------------------------------------------
  slack (MET)                                                0.02



  Startpoint: reg2_reg[2] (rising edge-triggered flip-flop clocked by Clock)
  Endpoint: SUM_reg[2] (rising edge-triggered flip-flop clocked by Clock)
  Mode: func
  Corner: nom
  Scenario: func::nom
  Path Group: Clock
  Path Type: min

  Point                                            Incr      Path  
  ------------------------------------------------------------------------
  clock Clock (rise edge)                          0.00      0.00
  clock network delay (propagated)                 0.00      0.00

  reg2_reg[2]/CLK (DFFX1_RVT)                      0.00      0.00 r
  reg2_reg[2]/Q (DFFX1_RVT)                        0.07      0.07 r
  intadd_0/U3/S (FADDX1_RVT)                       0.04      0.11 r
  copt_h_inst_690/Y (DELLN1X2_RVT)                 0.10      0.22 r
  SUM_reg[2]/D (DFFX1_RVT)                         0.00      0.22 r
  data arrival time                                          0.22

  clock Clock (rise edge)                          0.00      0.00
  clock network delay (propagated)                 0.00      0.00
  SUM_reg[2]/CLK (DFFX1_RVT)                       0.00      0.00 r
  clock uncertainty                                0.20      0.20
  library hold time                               -0.01      0.19
  data required time                                         0.19
  ------------------------------------------------------------------------
  data required time                                         0.19
  data arrival time                                         -0.22
  ------------------------------------------------------------------------
  slack (MET)                                                0.02



  Startpoint: reg2_reg[0] (rising edge-triggered flip-flop clocked by Clock)
  Endpoint: SUM_reg[0] (rising edge-triggered flip-flop clocked by Clock)
  Mode: func
  Corner: nom
  Scenario: func::nom
  Path Group: Clock
  Path Type: min

  Point                                            Incr      Path  
  ------------------------------------------------------------------------
  clock Clock (rise edge)                          0.00      0.00
  clock network delay (propagated)                 0.00      0.00

  reg2_reg[0]/CLK (DFFX1_RVT)                      0.00      0.00 r
  reg2_reg[0]/Q (DFFX1_RVT)                        0.08      0.08 r
  intadd_0/U5/S (FADDX1_RVT)                       0.04      0.11 r
  copt_h_inst_691/Y (DELLN1X2_RVT)                 0.10      0.22 r
  SUM_reg[0]/D (DFFX1_RVT)                         0.00      0.22 r
  data arrival time                                          0.22

  clock Clock (rise edge)                          0.00      0.00
  clock network delay (propagated)                 0.00      0.00
  SUM_reg[0]/CLK (DFFX1_RVT)                       0.00      0.00 r
  clock uncertainty                                0.20      0.20
  library hold time                               -0.01      0.19
  data required time                                         0.19
  ------------------------------------------------------------------------
  data required time                                         0.19
  data arrival time                                         -0.22
  ------------------------------------------------------------------------
  slack (MET)                                                0.02



  Startpoint: reg2_reg[3] (rising edge-triggered flip-flop clocked by Clock)
  Endpoint: C_out_reg (rising edge-triggered flip-flop clocked by Clock)
  Mode: func
  Corner: nom
  Scenario: func::nom
  Path Group: Clock
  Path Type: min

  Point                                            Incr      Path  
  ------------------------------------------------------------------------
  clock Clock (rise edge)                          0.00      0.00
  clock network delay (propagated)                 0.00      0.00

  reg2_reg[3]/CLK (DFFX1_RVT)                      0.00      0.00 r
  reg2_reg[3]/Q (DFFX1_RVT)                        0.07      0.07 r
  intadd_0/U2/CO (FADDX1_RVT)                      0.05      0.12 r
  copt_h_inst_696/Y (DELLN1X2_RVT)                 0.10      0.22 r
  C_out_reg/D (DFFX1_RVT)                          0.00      0.22 r
  data arrival time                                          0.22

  clock Clock (rise edge)                          0.00      0.00
  clock network delay (propagated)                 0.00      0.00
  C_out_reg/CLK (DFFX1_RVT)                        0.00      0.00 r
  clock uncertainty                                0.20      0.20
  library hold time                               -0.01      0.19
  data required time                                         0.19
  ------------------------------------------------------------------------
  data required time                                         0.19
  data arrival time                                         -0.22
  ------------------------------------------------------------------------
  slack (MET)                                                0.03



  Startpoint: B[2] (input port clocked by Clock)
  Endpoint: reg2_reg[2] (rising edge-triggered flip-flop clocked by Clock)
  Mode: func
  Corner: nom
  Scenario: func::nom
  Path Group: **in2reg_default**
  Path Type: min

  Point                                            Incr      Path  
  ------------------------------------------------------------------------
  clock Clock (rise edge)                          0.00      0.00
  clock network delay (propagated)                 0.00      0.00
  input external delay                             2.00      2.00 f
  B[2] (in)                                        0.00      2.00 f
  reg2_reg[2]/D (DFFX1_RVT)                        0.00      2.00 f
  data arrival time                                          2.00

  clock Clock (rise edge)                          0.00      0.00
  clock network delay (propagated)                 0.00      0.00
  reg2_reg[2]/CLK (DFFX1_RVT)                      0.00      0.00 r
  clock uncertainty                                0.20      0.20
  library hold time                               -0.01      0.19
  data required time                                         0.19
  ------------------------------------------------------------------------
  data required time                                         0.19
  data arrival time                                         -2.00
  ------------------------------------------------------------------------
  slack (MET)                                                1.81



  Startpoint: A[3] (input port clocked by Clock)
  Endpoint: reg1_reg[3] (rising edge-triggered flip-flop clocked by Clock)
  Mode: func
  Corner: nom
  Scenario: func::nom
  Path Group: **in2reg_default**
  Path Type: min

  Point                                            Incr      Path  
  ------------------------------------------------------------------------
  clock Clock (rise edge)                          0.00      0.00
  clock network delay (propagated)                 0.00      0.00
  input external delay                             2.00      2.00 f
  A[3] (in)                                        0.00      2.00 f
  reg1_reg[3]/D (DFFX1_RVT)                        0.00      2.00 f
  data arrival time                                          2.00

  clock Clock (rise edge)                          0.00      0.00
  clock network delay (propagated)                 0.00      0.00
  reg1_reg[3]/CLK (DFFX1_RVT)                      0.00      0.00 r
  clock uncertainty                                0.20      0.20
  library hold time                               -0.01      0.19
  data required time                                         0.19
  ------------------------------------------------------------------------
  data required time                                         0.19
  data arrival time                                         -2.00
  ------------------------------------------------------------------------
  slack (MET)                                                1.81



  Startpoint: A[1] (input port clocked by Clock)
  Endpoint: reg1_reg[1] (rising edge-triggered flip-flop clocked by Clock)
  Mode: func
  Corner: nom
  Scenario: func::nom
  Path Group: **in2reg_default**
  Path Type: min

  Point                                            Incr      Path  
  ------------------------------------------------------------------------
  clock Clock (rise edge)                          0.00      0.00
  clock network delay (propagated)                 0.00      0.00
  input external delay                             2.00      2.00 f
  A[1] (in)                                        0.00      2.00 f
  reg1_reg[1]/D (DFFX1_RVT)                        0.00      2.00 f
  data arrival time                                          2.00

  clock Clock (rise edge)                          0.00      0.00
  clock network delay (propagated)                 0.00      0.00
  reg1_reg[1]/CLK (DFFX1_RVT)                      0.00      0.00 r
  clock uncertainty                                0.20      0.20
  library hold time                               -0.01      0.19
  data required time                                         0.19
  ------------------------------------------------------------------------
  data required time                                         0.19
  data arrival time                                         -2.00
  ------------------------------------------------------------------------
  slack (MET)                                                1.81



  Startpoint: A[2] (input port clocked by Clock)
  Endpoint: reg1_reg[2] (rising edge-triggered flip-flop clocked by Clock)
  Mode: func
  Corner: nom
  Scenario: func::nom
  Path Group: **in2reg_default**
  Path Type: min

  Point                                            Incr      Path  
  ------------------------------------------------------------------------
  clock Clock (rise edge)                          0.00      0.00
  clock network delay (propagated)                 0.00      0.00
  input external delay                             2.00      2.00 f
  A[2] (in)                                        0.00      2.00 f
  reg1_reg[2]/D (DFFX1_RVT)                        0.00      2.00 f
  data arrival time                                          2.00

  clock Clock (rise edge)                          0.00      0.00
  clock network delay (propagated)                 0.00      0.00
  reg1_reg[2]/CLK (DFFX1_RVT)                      0.00      0.00 r
  clock uncertainty                                0.20      0.20
  library hold time                               -0.01      0.19
  data required time                                         0.19
  ------------------------------------------------------------------------
  data required time                                         0.19
  data arrival time                                         -2.00
  ------------------------------------------------------------------------
  slack (MET)                                                1.81



  Startpoint: B[1] (input port clocked by Clock)
  Endpoint: reg2_reg[1] (rising edge-triggered flip-flop clocked by Clock)
  Mode: func
  Corner: nom
  Scenario: func::nom
  Path Group: **in2reg_default**
  Path Type: min

  Point                                            Incr      Path  
  ------------------------------------------------------------------------
  clock Clock (rise edge)                          0.00      0.00
  clock network delay (propagated)                 0.00      0.00
  input external delay                             2.00      2.00 f
  B[1] (in)                                        0.00      2.00 f
  reg2_reg[1]/D (DFFX1_RVT)                        0.00      2.00 f
  data arrival time                                          2.00

  clock Clock (rise edge)                          0.00      0.00
  clock network delay (propagated)                 0.00      0.00
  reg2_reg[1]/CLK (DFFX1_RVT)                      0.00      0.00 r
  clock uncertainty                                0.20      0.20
  library hold time                               -0.01      0.19
  data required time                                         0.19
  ------------------------------------------------------------------------
  data required time                                         0.19
  data arrival time                                         -2.00
  ------------------------------------------------------------------------
  slack (MET)                                                1.81


1
